2020-01-02 11:08:25.925  INFO 24356 --- [main] com.example.demo.DemoApplication         : Starting DemoApplication on LAPTOP-N5DDMR3K with PID 24356 (F:\demo\test_github\Mybatis-plus\target\classes started by dkb in F:\demo\test_github\Mybatis-plus)
2020-01-02 11:08:25.941  INFO 24356 --- [main] com.example.demo.DemoApplication         : No active profile set, falling back to default profiles: default
2020-01-02 11:08:28.421  INFO 24356 --- [main] trationDelegate$BeanPostProcessorChecker : Bean 'org.springframework.transaction.annotation.ProxyTransactionManagementConfiguration' of type [org.springframework.transaction.annotation.ProxyTransactionManagementConfiguration] is not eligible for getting processed by all BeanPostProcessors (for example: not eligible for auto-proxying)
2020-01-02 11:08:28.751  INFO 24356 --- [main] o.s.b.w.embedded.tomcat.TomcatWebServer  : Tomcat initialized with port(s): 8080 (http)
2020-01-02 11:08:28.765  INFO 24356 --- [main] o.apache.catalina.core.StandardService   : Starting service [Tomcat]
2020-01-02 11:08:28.765  INFO 24356 --- [main] org.apache.catalina.core.StandardEngine  : Starting Servlet engine: [Apache Tomcat/9.0.29]
2020-01-02 11:08:28.979  INFO 24356 --- [main] o.a.c.c.C.[Tomcat].[localhost].[/]       : Initializing Spring embedded WebApplicationContext
2020-01-02 11:08:28.979  INFO 24356 --- [main] o.s.web.context.ContextLoader            : Root WebApplicationContext: initialization completed in 2846 ms
2020-01-02 11:08:33.048  INFO 24356 --- [main] pertySourcedRequestMappingHandlerMapping : Mapped URL path [/v2/api-docs] onto method [springfox.documentation.swagger2.web.Swagger2Controller#getDocumentation(String, HttpServletRequest)]
2020-01-02 11:08:33.263  INFO 24356 --- [main] o.s.s.concurrent.ThreadPoolTaskExecutor  : Initializing ExecutorService 'applicationTaskExecutor'
2020-01-02 11:08:33.624  INFO 24356 --- [main] d.s.w.p.DocumentationPluginsBootstrapper : Context refreshed
2020-01-02 11:08:33.679  INFO 24356 --- [main] d.s.w.p.DocumentationPluginsBootstrapper : Found 1 custom documentation plugin(s)
2020-01-02 11:08:33.772  INFO 24356 --- [main] s.d.s.w.s.ApiListingReferenceScanner     : Scanning for api listing references
2020-01-02 11:08:33.994  INFO 24356 --- [main] .d.s.w.r.o.CachingOperationNameGenerator : Generating unique operation named: ListUsingGET_1
2020-01-02 11:08:33.997  INFO 24356 --- [main] .d.s.w.r.o.CachingOperationNameGenerator : Generating unique operation named: saveUsingPOST_1
2020-01-02 11:08:34.027  INFO 24356 --- [main] o.apache.catalina.core.StandardService   : Stopping service [Tomcat]
2020-01-02 11:08:34.033  INFO 24356 --- [main] ConditionEvaluationReportLoggingListener : 

Error starting ApplicationContext. To display the conditions report re-run your application with 'debug' enabled.
2020-01-02 11:08:34.037 ERROR 24356 --- [main] o.s.b.d.LoggingFailureAnalysisReporter   : 

***************************
APPLICATION FAILED TO START
***************************

Description:

Web server failed to start. Port 8080 was already in use.

Action:

Identify and stop the process that's listening on port 8080 or configure this application to listen on another port.

2020-01-02 11:08:34.040  INFO 24356 --- [main] o.s.s.concurrent.ThreadPoolTaskExecutor  : Shutting down ExecutorService 'applicationTaskExecutor'
2020-01-02 11:08:53.823  INFO 13268 --- [main] com.example.demo.DemoApplication         : Starting DemoApplication on LAPTOP-N5DDMR3K with PID 13268 (F:\demo\test_github\Mybatis-plus\target\classes started by dkb in F:\demo\test_github\Mybatis-plus)
2020-01-02 11:08:53.829  INFO 13268 --- [main] com.example.demo.DemoApplication         : No active profile set, falling back to default profiles: default
2020-01-02 11:08:55.903  INFO 13268 --- [main] trationDelegate$BeanPostProcessorChecker : Bean 'org.springframework.transaction.annotation.ProxyTransactionManagementConfiguration' of type [org.springframework.transaction.annotation.ProxyTransactionManagementConfiguration] is not eligible for getting processed by all BeanPostProcessors (for example: not eligible for auto-proxying)
2020-01-02 11:08:56.249  INFO 13268 --- [main] o.s.b.w.embedded.tomcat.TomcatWebServer  : Tomcat initialized with port(s): 8081 (http)
2020-01-02 11:08:56.262  INFO 13268 --- [main] o.apache.catalina.core.StandardService   : Starting service [Tomcat]
2020-01-02 11:08:56.263  INFO 13268 --- [main] org.apache.catalina.core.StandardEngine  : Starting Servlet engine: [Apache Tomcat/9.0.29]
2020-01-02 11:08:56.421  INFO 13268 --- [main] o.a.c.c.C.[Tomcat].[localhost].[/]       : Initializing Spring embedded WebApplicationContext
2020-01-02 11:08:56.422  INFO 13268 --- [main] o.s.web.context.ContextLoader            : Root WebApplicationContext: initialization completed in 2497 ms
2020-01-02 11:08:59.273  INFO 13268 --- [main] pertySourcedRequestMappingHandlerMapping : Mapped URL path [/v2/api-docs] onto method [springfox.documentation.swagger2.web.Swagger2Controller#getDocumentation(String, HttpServletRequest)]
2020-01-02 11:08:59.430  INFO 13268 --- [main] o.s.s.concurrent.ThreadPoolTaskExecutor  : Initializing ExecutorService 'applicationTaskExecutor'
2020-01-02 11:08:59.745  INFO 13268 --- [main] d.s.w.p.DocumentationPluginsBootstrapper : Context refreshed
2020-01-02 11:08:59.775  INFO 13268 --- [main] d.s.w.p.DocumentationPluginsBootstrapper : Found 1 custom documentation plugin(s)
2020-01-02 11:08:59.841  INFO 13268 --- [main] s.d.s.w.s.ApiListingReferenceScanner     : Scanning for api listing references
2020-01-02 11:09:00.052  INFO 13268 --- [main] .d.s.w.r.o.CachingOperationNameGenerator : Generating unique operation named: ListUsingGET_1
2020-01-02 11:09:00.057  INFO 13268 --- [main] .d.s.w.r.o.CachingOperationNameGenerator : Generating unique operation named: saveUsingPOST_1
2020-01-02 11:09:00.114  INFO 13268 --- [main] o.s.b.w.embedded.tomcat.TomcatWebServer  : Tomcat started on port(s): 8081 (http) with context path ''
2020-01-02 11:09:00.118  INFO 13268 --- [main] com.example.demo.DemoApplication         : Started DemoApplication in 7.048 seconds (JVM running for 9.536)
2020-01-02 11:10:12.039  INFO 13268 --- [http-nio-8081-exec-1] o.a.c.c.C.[Tomcat].[localhost].[/]       : Initializing Spring DispatcherServlet 'dispatcherServlet'
2020-01-02 11:10:12.039  INFO 13268 --- [http-nio-8081-exec-1] o.s.web.servlet.DispatcherServlet        : Initializing Servlet 'dispatcherServlet'
2020-01-02 11:10:12.045  INFO 13268 --- [http-nio-8081-exec-1] o.s.web.servlet.DispatcherServlet        : Completed initialization in 6 ms
2020-01-02 11:10:12.128  INFO 13268 --- [http-nio-8081-exec-1] com.zaxxer.hikari.HikariDataSource       : HikariPool-1 - Starting...
2020-01-02 11:10:12.223  INFO 13268 --- [http-nio-8081-exec-1] com.zaxxer.hikari.HikariDataSource       : HikariPool-1 - Start completed.
